2024-01-23 09:19:43 error: uncaughtException: socketLogic is not defined
ReferenceError: socketLogic is not defined
    at App.initializeSocket (C:\Users\Vals_\Desktop\Projects\discord-clone\backend\src\app.ts:53:9)
    at App.initialize (C:\Users\Vals_\Desktop\Projects\discord-clone\backend\src\app.ts:35:14)
    at processTicksAndRejections (node:internal/process/task_queues:95:5)
    at async bootstrap (C:\Users\Vals_\Desktop\Projects\discord-clone\backend\src\server.ts:21:5)
2024-01-23 09:22:12 error: uncaughtException: listen EADDRINUSE: address already in use :::3000
Error: listen EADDRINUSE: address already in use :::3000
    at Server.setupListenHandle [as _listen2] (node:net:1751:16)
    at listenInCluster (node:net:1799:12)
    at Server.listen (node:net:1887:7)
    at Server.attach (C:\Users\Vals_\Desktop\Projects\discord-clone\backend\node_modules\socket.io\dist\index.js:226:17)
    at new Server (C:\Users\Vals_\Desktop\Projects\discord-clone\backend\node_modules\socket.io\dist\index.js:119:18)
    at App.initializeSocket (C:\Users\Vals_\Desktop\Projects\discord-clone\backend\src\app.ts:46:23)
    at App.initialize (C:\Users\Vals_\Desktop\Projects\discord-clone\backend\src\app.ts:36:14)
    at processTicksAndRejections (node:internal/process/task_queues:95:5)
    at async bootstrap (C:\Users\Vals_\Desktop\Projects\discord-clone\backend\src\server.ts:21:5)
2024-01-23 09:22:12 error: uncaughtException: (0 , socket_1.default) is not a function
TypeError: (0 , socket_1.default) is not a function
    at App.initializeSocket (C:\Users\Vals_\Desktop\Projects\discord-clone\backend\src\app.ts:54:20)
    at App.initialize (C:\Users\Vals_\Desktop\Projects\discord-clone\backend\src\app.ts:36:14)
    at processTicksAndRejections (node:internal/process/task_queues:95:5)
    at async bootstrap (C:\Users\Vals_\Desktop\Projects\discord-clone\backend\src\server.ts:21:5)
2024-01-23 09:22:54 error: uncaughtException: socketLogic is not defined
ReferenceError: socketLogic is not defined
    at Object.<anonymous> (C:\Users\Vals_\Desktop\Projects\discord-clone\backend\src\socket.ts:88:16)
    at Module._compile (node:internal/modules/cjs/loader:1256:14)
    at Module.m._compile (C:\Users\Vals_\Desktop\Projects\discord-clone\backend\node_modules\ts-node\src\index.ts:1618:23)
    at Module._extensions..js (node:internal/modules/cjs/loader:1310:10)
    at Object.require.extensions.<computed> [as .ts] (C:\Users\Vals_\Desktop\Projects\discord-clone\backend\node_modules\ts-node\src\index.ts:1621:12)
    at Module.load (node:internal/modules/cjs/loader:1119:32)
    at Function.Module._load (node:internal/modules/cjs/loader:960:12)
    at Module.require (node:internal/modules/cjs/loader:1143:19)
    at require (node:internal/modules/cjs/helpers:110:18)
    at Object.<anonymous> (C:\Users\Vals_\Desktop\Projects\discord-clone\backend\src\app.ts:18:1)
2024-01-23 09:47:38 error: uncaughtException: Route.get() requires a callback function but got a [object Object]
Error: Route.get() requires a callback function but got a [object Object]
    at Route.<computed> [as get] (C:\Users\Vals_\Desktop\Projects\discord-clone\backend\node_modules\express\lib\router\route.js:211:15)
    at Function.proto.<computed> [as get] (C:\Users\Vals_\Desktop\Projects\discord-clone\backend\node_modules\express\lib\router\index.js:521:19)
    at UsersRoute.initializeRoutes (C:\Users\Vals_\Desktop\Projects\discord-clone\backend\src\routes\users.route.ts:18:21)
    at new UsersRoute (C:\Users\Vals_\Desktop\Projects\discord-clone\backend\src\routes\users.route.ts:13:14)
    at bootstrap (C:\Users\Vals_\Desktop\Projects\discord-clone\backend\src\server.ts:14:9)
    at Object.<anonymous> (C:\Users\Vals_\Desktop\Projects\discord-clone\backend\src\server.ts:25:1)
    at Module._compile (node:internal/modules/cjs/loader:1256:14)
    at Module.m._compile (C:\Users\Vals_\Desktop\Projects\discord-clone\backend\node_modules\ts-node\src\index.ts:1618:23)
    at Module._extensions..js (node:internal/modules/cjs/loader:1310:10)
    at Object.require.extensions.<computed> [as .ts] (C:\Users\Vals_\Desktop\Projects\discord-clone\backend\node_modules\ts-node\src\index.ts:1621:12)
2024-01-23 10:06:41 error: uncaughtException: Cannot read properties of undefined (reading 'split')
TypeError: Cannot read properties of undefined (reading 'split')
    at Array.<anonymous> (C:\Users\Vals_\Desktop\Projects\discord-clone\backend\src\socket.ts:26:63)
    at run (C:\Users\Vals_\Desktop\Projects\discord-clone\backend\node_modules\socket.io\dist\namespace.js:124:19)
    at Namespace.run (C:\Users\Vals_\Desktop\Projects\discord-clone\backend\node_modules\socket.io\dist\namespace.js:135:9)
    at Namespace._add (C:\Users\Vals_\Desktop\Projects\discord-clone\backend\node_modules\socket.io\dist\namespace.js:211:14)
    at processTicksAndRejections (node:internal/process/task_queues:95:5)
2024-01-23 10:07:18 error: uncaughtException: Cannot read properties of undefined (reading 'split')
TypeError: Cannot read properties of undefined (reading 'split')
    at Array.<anonymous> (C:\Users\Vals_\Desktop\Projects\discord-clone\backend\src\socket.ts:26:63)
    at run (C:\Users\Vals_\Desktop\Projects\discord-clone\backend\node_modules\socket.io\dist\namespace.js:124:19)
    at Namespace.run (C:\Users\Vals_\Desktop\Projects\discord-clone\backend\node_modules\socket.io\dist\namespace.js:135:9)
    at Namespace._add (C:\Users\Vals_\Desktop\Projects\discord-clone\backend\node_modules\socket.io\dist\namespace.js:211:14)
    at processTicksAndRejections (node:internal/process/task_queues:95:5)
