2024-01-24 10:54:41 error: uncaughtException: Route.post() requires a callback function but got a [object Undefined]
Error: Route.post() requires a callback function but got a [object Undefined]
    at Route.<computed> [as post] (C:\Users\Vals_\Desktop\Projects\discord-clone\backend\node_modules\express\lib\router\route.js:211:15)
    at Function.proto.<computed> [as post] (C:\Users\Vals_\Desktop\Projects\discord-clone\backend\node_modules\express\lib\router\index.js:521:19)
    at ServerRoute.initializeRoutes (C:\Users\Vals_\Desktop\Projects\discord-clone\backend\src\routes\servers.route.ts:42:21)
    at new ServerRoute (C:\Users\Vals_\Desktop\Projects\discord-clone\backend\src\routes\servers.route.ts:14:14)
    at bootstrap (C:\Users\Vals_\Desktop\Projects\discord-clone\backend\src\server.ts:18:9)
    at Object.<anonymous> (C:\Users\Vals_\Desktop\Projects\discord-clone\backend\src\server.ts:29:1)
    at Module._compile (node:internal/modules/cjs/loader:1256:14)
    at Module.m._compile (C:\Users\Vals_\Desktop\Projects\discord-clone\backend\node_modules\ts-node\src\index.ts:1618:23)
    at Module._extensions..js (node:internal/modules/cjs/loader:1310:10)
    at Object.require.extensions.<computed> [as .ts] (C:\Users\Vals_\Desktop\Projects\discord-clone\backend\node_modules\ts-node\src\index.ts:1621:12)
2024-01-24 11:20:03 error: [POST] /servers/join-server/2yExl2lg0n >> StatusCode:: 404, Message:: Authentication token missing
2024-01-24 11:20:07 error: [POST] /servers/join-server/2yExl2lg0n >> StatusCode:: 404, Message:: Authentication token missing
2024-01-24 11:21:20 error: [POST] /servers/join-server/2yExl2lg0n >> StatusCode:: 404, Message:: Authentication token missing
2024-01-24 11:22:11 error: [POST] /servers/join-server >> StatusCode:: 500, Message:: Cast to ObjectId failed for value "2yExl2lg0n" (type string) at path "_id" for model "Servers"
2024-01-24 11:22:16 error: [POST] /servers/join-server >> StatusCode:: 500, Message:: Cast to ObjectId failed for value "2yExl2lg0n" (type string) at path "_id" for model "Servers"
2024-01-24 11:24:21 error: [POST] /servers/join-server >> StatusCode:: 500, Message:: Cast to ObjectId failed for value "2yExl2lg0n" (type string) at path "_id" for model "Servers"
2024-01-24 12:15:50 error: [POST] /servers/ >> StatusCode:: 409, Message:: This user asd already exists
2024-01-24 12:16:42 error: [POST] /servers/ >> StatusCode:: 500, Message:: UserServer validation failed: updatedAt: Path `updatedAt` is required., createdAt: Path `createdAt` is required.
2024-01-24 12:16:46 error: [POST] /servers/ >> StatusCode:: 500, Message:: UserServer validation failed: updatedAt: Path `updatedAt` is required., createdAt: Path `createdAt` is required.
2024-01-24 12:18:30 error: [POST] /servers/ >> StatusCode:: 500, Message:: UserServer validation failed: updatedAt: Path `updatedAt` is required., createdAt: Path `createdAt` is required.
2024-01-24 12:19:08 error: [POST] /servers/ >> StatusCode:: 500, Message:: UserServer validation failed: updatedAt: Path `updatedAt` is required., createdAt: Path `createdAt` is required.
2024-01-24 12:19:43 error: [POST] /servers/ >> StatusCode:: 500, Message:: UserServer validation failed: updatedAt: Path `updatedAt` is required., createdAt: Path `createdAt` is required.
2024-01-24 12:21:00 error: [POST] /servers/ >> StatusCode:: 500, Message:: UserServer validation failed: updatedAt: Path `updatedAt` is required., createdAt: Path `createdAt` is required.
2024-01-24 12:28:59 error: [POST] /servers/ >> StatusCode:: 500, Message:: Servers validation failed: updatedAt: Path `updatedAt` is required., createdAt: Path `createdAt` is required.
2024-01-24 12:33:22 error: [GET] /servers/ >> StatusCode:: 401, Message:: Wrong authentication token
2024-01-24 12:33:22 error: [GET] /user/details >> StatusCode:: 401, Message:: Wrong authentication token
2024-01-24 12:34:20 error: [POST] /servers/join-server >> StatusCode:: 500, Message:: Cannot read properties of undefined (reading 'find')
2024-01-24 12:40:04 error: [POST] /servers/join-server >> StatusCode:: 409, Message:: User already in server
2024-01-24 12:48:27 error: [POST] /servers/join-server >> StatusCode:: 409, Message:: User already in server
2024-01-24 13:18:52 error: [POST] /servers/join-server >> StatusCode:: 409, Message:: User already in server
2024-01-24 13:19:24 error: [POST] /servers/join-server >> StatusCode:: 409, Message:: User already in server
2024-01-24 15:59:51 error: uncaughtException: тип Unable to compile TypeScript:
[96msrc/socket.ts[0m:[93m55[0m:[93m18[0m - [91merror[0m[90m TS1005: [0m',' expected.

[7m55[0m         serverIds: serverIds,);
[7m  [0m [91m                 ~[0m

TSError: тип Unable to compile TypeScript:
[96msrc/socket.ts[0m:[93m55[0m:[93m18[0m - [91merror[0m[90m TS1005: [0m',' expected.

[7m55[0m         serverIds: serverIds,);
[7m  [0m [91m                 ~[0m

    at createTSError (C:\Users\Vals_\Desktop\Projects\discord-clone\backend\node_modules\ts-node\src\index.ts:859:12)
    at reportTSError (C:\Users\Vals_\Desktop\Projects\discord-clone\backend\node_modules\ts-node\src\index.ts:863:19)
    at C:\Users\Vals_\Desktop\Projects\discord-clone\backend\node_modules\ts-node\src\index.ts:1379:34
    at Object.compile (C:\Users\Vals_\Desktop\Projects\discord-clone\backend\node_modules\ts-node\src\index.ts:1458:13)
    at Module.m._compile (C:\Users\Vals_\Desktop\Projects\discord-clone\backend\node_modules\ts-node\src\index.ts:1617:30)
    at Module._extensions..js (node:internal/modules/cjs/loader:1310:10)
    at Object.require.extensions.<computed> [as .ts] (C:\Users\Vals_\Desktop\Projects\discord-clone\backend\node_modules\ts-node\src\index.ts:1621:12)
    at Module.load (node:internal/modules/cjs/loader:1119:32)
    at Function.Module._load (node:internal/modules/cjs/loader:960:12)
    at Module.require (node:internal/modules/cjs/loader:1143:19)
2024-01-24 16:45:53 error: uncaughtException: userWithServerIds.toObject is not a function
TypeError: userWithServerIds.toObject is not a function
    at Namespace.<anonymous> (C:\Users\Vals_\Desktop\Projects\discord-clone\backend\src\socket.ts:53:62)
    at processTicksAndRejections (node:internal/process/task_queues:95:5)
2024-01-24 16:45:54 error: uncaughtException: userWithServerIds.toObject is not a function
TypeError: userWithServerIds.toObject is not a function
    at Namespace.<anonymous> (C:\Users\Vals_\Desktop\Projects\discord-clone\backend\src\socket.ts:53:62)
    at processTicksAndRejections (node:internal/process/task_queues:95:5)
2024-01-24 16:46:31 error: uncaughtException: userWithServerIds.toJSON is not a function
TypeError: userWithServerIds.toJSON is not a function
    at Namespace.<anonymous> (C:\Users\Vals_\Desktop\Projects\discord-clone\backend\src\socket.ts:52:47)
    at processTicksAndRejections (node:internal/process/task_queues:95:5)
2024-01-24 16:46:33 error: uncaughtException: userWithServerIds.toJSON is not a function
TypeError: userWithServerIds.toJSON is not a function
    at Namespace.<anonymous> (C:\Users\Vals_\Desktop\Projects\discord-clone\backend\src\socket.ts:52:47)
    at processTicksAndRejections (node:internal/process/task_queues:95:5)
2024-01-24 16:46:45 error: uncaughtException: userWithServerIds.toObject is not a function
TypeError: userWithServerIds.toObject is not a function
    at Namespace.<anonymous> (C:\Users\Vals_\Desktop\Projects\discord-clone\backend\src\socket.ts:52:47)
    at processTicksAndRejections (node:internal/process/task_queues:95:5)
2024-01-24 16:46:46 error: uncaughtException: userWithServerIds.toObject is not a function
TypeError: userWithServerIds.toObject is not a function
    at Namespace.<anonymous> (C:\Users\Vals_\Desktop\Projects\discord-clone\backend\src\socket.ts:52:47)
    at processTicksAndRejections (node:internal/process/task_queues:95:5)
